  glad.c
  imgui.cpp
  imgui_demo.cpp
  imgui_draw.cpp
  imgui_impl_glfw.cpp
  imgui_impl_opengl3.cpp
  imgui_tables.cpp
  imgui_widgets.cpp
  Main.cpp
F:\Program Files (x86)\Windows Kits\10\Include\10.0.22621.0\shared\minwindef.h(130,1): warning C4005: APIENTRY: изменение макроопределения
F:\GL\GLAD\include\glad\glad.h(648,1): message : см. предыдущее определение "APIENTRY"
F:\Users\malam\source\repos\3dEnginerec\3dEngine\Main.cpp(152,25): warning C4244: инициализация: преобразование "double" в "GLfloat", возможна потеря данных
F:\Users\malam\source\repos\3dEnginerec\3dEngine\Main.cpp(179,14): warning C4244: return: преобразование "float" в "int", возможна потеря данных
F:\Users\malam\source\repos\3dEnginerec\3dEngine\Main.cpp(185,14): warning C4834: отмена возвращаемого значения функции с атрибутом "nodiscard"
F:\Users\malam\source\repos\3dEnginerec\3dEngine\Main.cpp(324,32): warning C4267: =: преобразование из "size_t" в "int"; возможна потеря данных
F:\Users\malam\source\repos\3dEnginerec\3dEngine\Main.cpp(337,33): warning C4244: аргумент: преобразование "int" в "GLfloat", возможна потеря данных
F:\Users\malam\source\repos\3dEnginerec\3dEngine\Main.cpp(787,2): warning C4091: static : пропускается слева от "DeffaultTexture", когда ни одна переменная не объявлена
F:\Users\malam\source\repos\3dEnginerec\3dEngine\Main.cpp(796,151): warning C4244: =: преобразование "double" в "float", возможна потеря данных
F:\Users\malam\source\repos\3dEnginerec\3dEngine\Main.cpp(1881,2): warning C4091: static : пропускается слева от "DeffaultShader", когда ни одна переменная не объявлена
F:\Users\malam\source\repos\3dEnginerec\3dEngine\Main.cpp(2169,39): warning C4267: аргумент: преобразование из "size_t" в "_Ty"; возможна потеря данных
          with
          [
              _Ty=unsigned int
          ]
F:\Users\malam\source\repos\3dEnginerec\3dEngine\Main.cpp(2494,24): warning C4244: инициализация: преобразование "double" в "GLfloat", возможна потеря данных
F:\Users\malam\source\repos\3dEnginerec\3dEngine\Main.cpp(2494,19): warning C4244: инициализация: преобразование "double" в "const GLfloat", возможна потеря данных
F:\Users\malam\source\repos\3dEnginerec\3dEngine\Main.cpp(2495,24): warning C4244: инициализация: преобразование "double" в "GLfloat", возможна потеря данных
F:\Users\malam\source\repos\3dEnginerec\3dEngine\Main.cpp(2495,19): warning C4244: инициализация: преобразование "double" в "const GLfloat", возможна потеря данных
F:\Users\malam\source\repos\3dEnginerec\3dEngine\Main.cpp(2502,17): warning C4018: <: несоответствие типов со знаком и без знака
F:\Users\malam\source\repos\3dEnginerec\3dEngine\Main.cpp(2502,45): warning C4018: <: несоответствие типов со знаком и без знака
F:\Users\malam\source\repos\3dEnginerec\3dEngine\Main.cpp(2527,16): warning C4267: инициализация: преобразование из "size_t" в "GLuint"; возможна потеря данных
F:\Users\malam\source\repos\3dEnginerec\3dEngine\Main.cpp(2555,25): warning C4244: инициализация: преобразование "float" в "int", возможна потеря данных
F:\Users\malam\source\repos\3dEnginerec\3dEngine\Main.cpp(2555,16): warning C4244: инициализация: преобразование "float" в "const int", возможна потеря данных
F:\Users\malam\source\repos\3dEnginerec\3dEngine\Main.cpp(2556,25): warning C4244: инициализация: преобразование "float" в "int", возможна потеря данных
F:\Users\malam\source\repos\3dEnginerec\3dEngine\Main.cpp(2556,16): warning C4244: инициализация: преобразование "float" в "const int", возможна потеря данных
F:\Users\malam\source\repos\3dEnginerec\3dEngine\Main.cpp(2564,27): warning C4244: аргумент: преобразование "float" в "_Ty", возможна потеря данных
          with
          [
              _Ty=unsigned int
          ]
F:\Users\malam\source\repos\3dEnginerec\3dEngine\Main.cpp(2566,35): warning C4244: аргумент: преобразование "float" в "_Ty", возможна потеря данных
          with
          [
              _Ty=unsigned int
          ]
F:\Users\malam\source\repos\3dEnginerec\3dEngine\Main.cpp(2567,27): warning C4244: аргумент: преобразование "float" в "_Ty", возможна потеря данных
          with
          [
              _Ty=unsigned int
          ]
F:\Users\malam\source\repos\3dEnginerec\3dEngine\Main.cpp(2572,20): warning C4244: аргумент: преобразование "float" в "const unsigned __int64", возможна потеря данных
F:\Users\malam\source\repos\3dEnginerec\3dEngine\Main.cpp(2576,16): warning C4244: аргумент: преобразование "float" в "const unsigned __int64", возможна потеря данных
F:\Users\malam\source\repos\3dEnginerec\3dEngine\Main.cpp(2577,47): warning C4244: аргумент: преобразование "float" в "const unsigned __int64", возможна потеря данных
F:\Users\malam\source\repos\3dEnginerec\3dEngine\Main.cpp(2578,28): warning C4244: аргумент: преобразование "float" в "const unsigned __int64", возможна потеря данных
F:\Users\malam\source\repos\3dEnginerec\3dEngine\Main.cpp(2578,55): warning C4244: аргумент: преобразование "float" в "const unsigned __int64", возможна потеря данных
F:\Users\malam\source\repos\3dEnginerec\3dEngine\Main.cpp(2581,16): warning C4244: аргумент: преобразование "float" в "const unsigned __int64", возможна потеря данных
F:\Users\malam\source\repos\3dEnginerec\3dEngine\Main.cpp(2582,24): warning C4244: аргумент: преобразование "float" в "const unsigned __int64", возможна потеря данных
F:\Users\malam\source\repos\3dEnginerec\3dEngine\Main.cpp(2690,19): warning C4305: инициализация: усечение из "double" в "float"
F:\Users\malam\source\repos\3dEnginerec\3dEngine\Main.cpp(2790,28): warning C4244: =: преобразование "unsigned __int64" в "GLfloat", возможна потеря данных
F:\Users\malam\source\repos\3dEnginerec\3dEngine\Main.cpp(2791,15): warning C4244: =: преобразование "unsigned __int64" в "GLfloat", возможна потеря данных
F:\Users\malam\source\repos\3dEnginerec\3dEngine\Main.cpp(2814,33): warning C4267: +=: преобразование из "size_t" в "GLuint"; возможна потеря данных
F:\Users\malam\source\repos\3dEnginerec\3dEngine\Main.cpp(2877,33): warning C4267: =: преобразование из "size_t" в "GLuint"; возможна потеря данных
F:\Users\malam\source\repos\3dEnginerec\3dEngine\Main.cpp(3092,2): warning C4091: static : пропускается слева от "rm", когда ни одна переменная не объявлена
F:\Users\malam\source\repos\3dEnginerec\3dEngine\Main.cpp(3124,39): warning C4305: инициализация: усечение из "double" в "GLfloat"
F:\Users\malam\source\repos\3dEnginerec\3dEngine\Main.cpp(3133,22): warning C4305: инициализация: усечение из "double" в "float"
F:\Users\malam\source\repos\3dEnginerec\3dEngine\Main.cpp(3146,19): warning C4305: инициализация: усечение из "double" в "GLfloat"
F:\Users\malam\source\repos\3dEnginerec\3dEngine\Main.cpp(3148,13): warning C4244: инициализация: преобразование "double" в "float", возможна потеря данных
F:\Users\malam\source\repos\3dEnginerec\3dEngine\Main.cpp(3149,13): warning C4244: инициализация: преобразование "double" в "float", возможна потеря данных
F:\Users\malam\source\repos\3dEnginerec\3dEngine\Main.cpp(3194,31): warning C4267: =: преобразование из "size_t" в "int"; возможна потеря данных
F:\Users\malam\source\repos\3dEnginerec\3dEngine\Main.cpp(3231,12): warning C4267: инициализация: преобразование из "size_t" в "int"; возможна потеря данных
F:\Users\malam\source\repos\3dEnginerec\3dEngine\Main.cpp(3247,95): warning C4312: приведение типов: преобразование из "unsigned int" в "void *" большего размера
F:\Users\malam\source\repos\3dEnginerec\3dEngine\Main.cpp(3247,28): warning C4244: аргумент: преобразование "GLfloat" в "GLsizei", возможна потеря данных
F:\Users\malam\source\repos\3dEnginerec\3dEngine\Main.cpp(3270,15): warning C4267: инициализация: преобразование из "size_t" в "GLuint"; возможна потеря данных
F:\Users\malam\source\repos\3dEnginerec\3dEngine\Main.cpp(3291,15): warning C4267: инициализация: преобразование из "size_t" в "GLuint"; возможна потеря данных
F:\Users\malam\source\repos\3dEnginerec\3dEngine\Main.cpp(3304,12): warning C4267: инициализация: преобразование из "size_t" в "int"; возможна потеря данных
F:\Users\malam\source\repos\3dEnginerec\3dEngine\Main.cpp(3318,102): warning C4312: приведение типов: преобразование из "unsigned int" в "void *" большего размера
F:\Users\malam\source\repos\3dEnginerec\3dEngine\Main.cpp(3318,28): warning C4244: аргумент: преобразование "GLfloat" в "GLsizei", возможна потеря данных
F:\Users\malam\source\repos\3dEnginerec\3dEngine\Main.cpp(3351,17): warning C4305: инициализация: усечение из "double" в "float"
F:\Users\malam\source\repos\3dEnginerec\3dEngine\Main.cpp(3391,14): warning C4244: аргумент: преобразование "GLfloat" в "int", возможна потеря данных
F:\Users\malam\source\repos\3dEnginerec\3dEngine\Main.cpp(3391,11): warning C4244: аргумент: преобразование "GLfloat" в "int", возможна потеря данных
F:\Users\malam\source\repos\3dEnginerec\3dEngine\Main.cpp(3397,16): warning C4244: аргумент: преобразование "GLfloat" в "int", возможна потеря данных
F:\Users\malam\source\repos\3dEnginerec\3dEngine\Main.cpp(3397,13): warning C4244: аргумент: преобразование "GLfloat" в "int", возможна потеря данных
F:\Users\malam\source\repos\3dEnginerec\3dEngine\Main.cpp(3405,23): warning C4244: аргумент: преобразование "GLfloat" в "GLsizei", возможна потеря данных
F:\Users\malam\source\repos\3dEnginerec\3dEngine\Main.cpp(3405,20): warning C4244: аргумент: преобразование "GLfloat" в "GLsizei", возможна потеря данных
F:\Users\malam\source\repos\3dEnginerec\3dEngine\Main.cpp(3801,20): warning C4018: <: несоответствие типов со знаком и без знака
F:\Users\malam\source\repos\3dEnginerec\3dEngine\Main.cpp(3934,15): warning C4267: инициализация: преобразование из "size_t" в "GLuint"; возможна потеря данных
F:\Users\malam\source\repos\3dEnginerec\3dEngine\Main.cpp(3980,14): warning C4267: инициализация: преобразование из "size_t" в "GLuint"; возможна потеря данных
F:\Users\malam\source\repos\3dEnginerec\3dEngine\Main.cpp(4060,85): warning C4244: =: преобразование "double" в "GLfloat", возможна потеря данных
F:\Users\malam\source\repos\3dEnginerec\3dEngine\Main.cpp(4067,42): warning C4244: =: преобразование "double" в "GLfloat", возможна потеря данных
F:\Users\malam\source\repos\3dEnginerec\3dEngine\Main.cpp(4068,41): warning C4244: =: преобразование "double" в "GLfloat", возможна потеря данных
F:\Users\malam\source\repos\3dEnginerec\3dEngine\Main.cpp(3899,12): warning C4101: tmpMat: неиспользованная локальная переменная
F:\Users\malam\source\repos\3dEnginerec\3dEngine\Main.cpp(4127,53): warning C4244: +=: преобразование "double" в "GLfloat", возможна потеря данных
F:\Users\malam\source\repos\3dEnginerec\3dEngine\Main.cpp(4128,53): warning C4244: -=: преобразование "double" в "GLfloat", возможна потеря данных
F:\Users\malam\source\repos\3dEnginerec\3dEngine\Main.cpp(4190,22): warning C4244: +=: преобразование "GLdouble" в "GLfloat", возможна потеря данных
F:\Users\malam\source\repos\3dEnginerec\3dEngine\Main.cpp(4191,52): warning C4244: +=: преобразование "GLdouble" в "GLfloat", возможна потеря данных
F:\Users\malam\source\repos\3dEnginerec\3dEngine\Main.cpp(4192,17): warning C4244: +=: преобразование "GLdouble" в "GLfloat", возможна потеря данных
  Создание кода...
LINK : warning LNK4098: библиотека по умолчанию "MSVCRT" конфликтует с использованием других библиотек; используйте /NODEFAULTLIB:library
Main.obj : error LNK2019: ссылка на неразрешенный внешний символ stbi_load в функции "public: void __cdecl Texture2d::Load(bool)" (?Load@Texture2d@@QEAAX_N@Z).
Main.obj : error LNK2019: ссылка на неразрешенный внешний символ stbi_image_free в функции "public: void __cdecl Texture2d::Load(bool)" (?Load@Texture2d@@QEAAX_N@Z).
F:\Users\malam\source\repos\3dEnginerec\x64\Debug\3dEngine.exe : fatal error LNK1120: неразрешенных внешних элементов: 2
